
     | | | | | | |
   _________________
  -|               |-
  -|               |-
  -|               |-
  -|    CYPRESS    |-
  -|               |-
  -|               |-   Warp VHDL Synthesis Compiler: Version 6.3 IR 35
  -|               |-   Copyright (C) 1991-2001 Cypress Semiconductor
   |_______________|
     | | | | | | |

======================================================================
Compiling:  Practica3.vhd
Options:    -yu -e10 -w100 -o2 -ygs -fP -v10 -dc22v10 -ppalc22v10d-15pc -b Practica3.vhd -u Practica3.hie
======================================================================

vhdlfe V6.3 IR 35:  VHDL parser
Tue Sep 20 10:10:53 2016

Library 'work' => directory 'lc22v10'
Linking 'C:\Archivos de programa\Cypress\Warp\bin\std.vhd'.
Linking 'C:\Archivos de programa\Cypress\Warp\lib\common\cypress.vhd'.
Linking 'C:\Archivos de programa\Cypress\Warp\lib\common\work\cypress.vif'.
Library 'ieee' => directory 'C:\Archivos de programa\Cypress\Warp\lib\ieee\work'
Linking 'C:\Archivos de programa\Cypress\Warp\lib\ieee\work\stdlogic.vif'.

vhdlfe:  No errors.


tovif V6.3 IR 35:  High-level synthesis
Tue Sep 20 10:10:53 2016

Linking 'C:\Archivos de programa\Cypress\Warp\bin\std.vhd'.
Linking 'C:\Archivos de programa\Cypress\Warp\lib\common\cypress.vhd'.
Linking 'C:\Archivos de programa\Cypress\Warp\lib\common\work\cypress.vif'.
Linking 'C:\Archivos de programa\Cypress\Warp\lib\ieee\work\stdlogic.vif'.

tovif:  No errors.


topld V6.3 IR 35:  Synthesis and optimization
Tue Sep 20 10:10:53 2016

Linking 'C:\Archivos de programa\Cypress\Warp\bin\std.vhd'.
Linking 'C:\Archivos de programa\Cypress\Warp\lib\common\cypress.vhd'.
Linking 'C:\Archivos de programa\Cypress\Warp\lib\common\work\cypress.vif'.
Linking 'C:\Archivos de programa\Cypress\Warp\lib\ieee\work\stdlogic.vif'.

----------------------------------------------------------
Detecting unused logic.
----------------------------------------------------------



------------------------------------------------------
Alias Detection
------------------------------------------------------

------------------------------------------------------
Aliased 0 equations, 4 wires.
------------------------------------------------------

----------------------------------------------------------
Circuit simplification
----------------------------------------------------------

----------------------------------------------------------
Circuit simplification results:

	Expanded 5 signals.
	Turned 0 signals into soft nodes.
	Maximum default expansion cost was set at 10.
----------------------------------------------------------

------------------------------------------------------
Alias Detection
------------------------------------------------------

------------------------------------------------------
Aliased 0 equations, 0 wires.
------------------------------------------------------
Created 23 PLD nodes.

topld:  No errors.

----------------------------------------------------------------------------
PLD Optimizer Software:       DSGNOPT.EXE    31/03/2000  [v4.02 ] 6.3 IR 35

DESIGN HEADER INFORMATION  (10:10:55)

Input File(s): Practica3.pla
Device       : C22V10
Package      : palc22v10d-15pc
ReportFile   : Practica3.rpt

Program Controls:
    COMMAND LANGUAGE_VHDL 
    COMMAND PROPERTY BUS_HOLD ENABLE 

Signal Requests:
    GROUP USEPOL ALL
    GROUP FAST_SLEW ALL

Completed Successfully  
----------------------------------------------------------------------------
PLD Optimizer Software:       DSGNOPT.EXE    31/03/2000  [v4.02 ] 6.3 IR 35

OPTIMIZATION OPTIONS       (10:10:55)

Messages:
  Information: Process virtual 'qaD'qaD ... expanded.
  Information: Process virtual 'qbD'qbD ... expanded.
  Information: Process virtual 'qa' ... converted to NODE.
  Information: Process virtual 'qb' ... converted to NODE.
  Information: Optimizing logic using best output polarity for signals:
         display(5) qa.D qb.D

  Information: Selected logic optimization OFF for signals:
         an display(0) display(1) display(2) display(3) display(4) display(6)
         qa.AR qa.C qb.AR qb.C



Summary:
                 Error Count = 0      Warning Count = 0

Completed Successfully  
----------------------------------------------------------------------------
PLD Optimizer Software:       MINOPT.EXE     01/NOV/1999  [v4.02 ] 6.3 IR 35

LOGIC MINIMIZATION         ()

Messages:


Summary:
                 Error Count = 0      Warning Count = 0

Completed Successfully
----------------------------------------------------------------------------
PLD Optimizer Software:       DSGNOPT.EXE    31/03/2000  [v4.02 ] 6.3 IR 35

OPTIMIZATION OPTIONS       (10:10:55)

Messages:
  Information: Optimizing Banked Preset/Reset requirements.


Summary:
                 Error Count = 0      Warning Count = 0

Completed Successfully  
----------------------------------------------------------------------------
PLD Compiler Software:        PLA2JED.EXE    31/03/2000  [v4.02 ] 6.3 IR 35

<CYPRESSTAG name="Equations" icon=FILE_RPT_EQUATION>
DESIGN EQUATIONS           (10:10:55)
</CYPRESSTAG>

    an =
          GND

    display(0) =
          GND

    display(1) =
          GND

    display(2) =
          GND

    display(3) =
          qa.Q * qb.Q * x 

    display(4) =
          display(5) 

    /display(5) =
          qa.Q * qb.Q * x 

    display(6) =
          GND

    qa.D =
          /qa.Q * qb.Q * x 
        + qa.Q * /qb.Q 

    qa.AR =
          clear 

    qa.SP =
          GND

    qa.C =
          clk 

    qb.D =
          /qa.Q * /qb.Q * x 
        + qa.Q * /qb.Q * /x 

    qb.AR =
          clear 

    qb.SP =
          GND

    qb.C =
          clk 


Completed Successfully  
----------------------------------------------------------------------------
PLD Compiler Software:        PLA2JED.EXE    31/03/2000  [v4.02 ] 6.3 IR 35

DESIGN RULE CHECK          (10:10:55)

Messages:
                 None.


Summary:
                 Error Count = 0      Warning Count = 0

Completed Successfully  
----------------------------------------------------------------------------
PLD Compiler Software:        PLA2JED.EXE    31/03/2000  [v4.02 ] 6.3 IR 35

<CYPRESSTAG name="Pinout" icon=FILE_RPT_PINOUT>
PINOUT INFORMATION   (10:10:55)
</CYPRESSTAG>
Messages:
  Information: Checking for duplicate NODE logic.
                 None.


                                 C22V10
                 __________________________________________
            clk =| 1|                                  |24|* not used       
              x =| 2|                                  |23|= (qa)           
          clear =| 3|                                  |22|= display(4)     
       not used *| 4|                                  |21|= display(2)     
       not used *| 5|                                  |20|= display(0)     
       not used *| 6|                                  |19|= display(5)     
       not used *| 7|                                  |18|= an             
       not used *| 8|                                  |17|= display(1)     
       not used *| 9|                                  |16|= display(3)     
       not used *|10|                                  |15|= display(6)     
       not used *|11|                                  |14|= (qb)           
       not used *|12|                                  |13|* not used       
                 __________________________________________


Summary:
                 Error Count = 0      Warning Count = 0

Completed Successfully  
----------------------------------------------------------------------------
PLD Compiler Software:        PLA2JED.EXE    31/03/2000  [v4.02 ] 6.3 IR 35

<CYPRESSTAG name="Utilization" icon=FILE_RPT_UTILIZATION>
RESOURCE UTILIZATION (10:10:55)
</CYPRESSTAG>
  Information: Macrocell Utilization.

                     Description        Used     Max
                 ______________________________________
                 | Dedicated Inputs   |    2  |   11  |
                 | Clock/Inputs       |    1  |    1  |
                 | I/O Macrocells     |   10  |   10  |
                 ______________________________________
                                          13  /   22   = 59  %


  Information: Output Logic Product Term Utilization.

                  Node#  Output Signal Name  Used   Max
                 ________________________________________
                 | 14  |  qb              |   2  |   8  |
                 | 15  |  display(6)      |   1  |  10  |
                 | 16  |  display(3)      |   1  |  12  |
                 | 17  |  display(1)      |   1  |  14  |
                 | 18  |  an              |   1  |  16  |
                 | 19  |  display(5)      |   1  |  16  |
                 | 20  |  display(0)      |   1  |  14  |
                 | 21  |  display(2)      |   1  |  12  |
                 | 22  |  display(4)      |   1  |  10  |
                 | 23  |  qa              |   2  |   8  |
                 | 25  |  Unused          |   0  |   1  |
                 ________________________________________
                                             12  / 121   = 9   %


Completed Successfully  
----------------------------------------------------------------------------
PLD Compiler Software:        PLA2JED.EXE    31/03/2000  [v4.02 ] 6.3 IR 35

JEDEC ASSEMBLE             (10:10:55)

Messages:
  Information: Output file 'Practica3.pin' created.
  Information: Output file 'Practica3.jed' created.

  Usercode:    
  Checksum:    5683



Summary:
                 Error Count = 0      Warning Count = 0

Completed Successfully at 10:10:55
