
     | | | | | | |
   _________________
  -|               |-
  -|               |-
  -|               |-
  -|    CYPRESS    |-
  -|               |-
  -|               |-   Warp VHDL Synthesis Compiler: Version 6.3 IR 35
  -|               |-   Copyright (C) 1991-2001 Cypress Semiconductor
   |_______________|
     | | | | | | |

======================================================================
Compiling:  p1.vhd
Options:    -yu -e10 -w100 -o2 -ygs -fP -v10 -dc22v10 -ppalce22v10-15pc -b p1.vhd -u practica1.hie
======================================================================

vhdlfe V6.3 IR 35:  VHDL parser
Wed Mar 01 12:11:21 2017

Library 'work' => directory 'lc22v10'
Linking 'C:\Archivos de programa\Cypress\Warp\bin\std.vhd'.
Linking 'C:\Archivos de programa\Cypress\Warp\lib\common\cypress.vhd'.
Linking 'C:\Archivos de programa\Cypress\Warp\lib\common\work\cypress.vif'.
Library 'ieee' => directory 'C:\Archivos de programa\Cypress\Warp\lib\ieee\work'
Linking 'C:\Archivos de programa\Cypress\Warp\lib\ieee\work\stdlogic.vif'.

vhdlfe:  No errors.


tovif V6.3 IR 35:  High-level synthesis
Wed Mar 01 12:11:22 2017

Linking 'C:\Archivos de programa\Cypress\Warp\bin\std.vhd'.
Linking 'C:\Archivos de programa\Cypress\Warp\lib\common\cypress.vhd'.
Linking 'C:\Archivos de programa\Cypress\Warp\lib\common\work\cypress.vif'.
Linking 'C:\Archivos de programa\Cypress\Warp\lib\ieee\work\stdlogic.vif'.

tovif:  No errors.


topld V6.3 IR 35:  Synthesis and optimization
Wed Mar 01 12:11:23 2017

Linking 'C:\Archivos de programa\Cypress\Warp\bin\std.vhd'.
Linking 'C:\Archivos de programa\Cypress\Warp\lib\common\cypress.vhd'.
Linking 'C:\Archivos de programa\Cypress\Warp\lib\common\work\cypress.vif'.
Linking 'C:\Archivos de programa\Cypress\Warp\lib\ieee\work\stdlogic.vif'.

----------------------------------------------------------
Detecting unused logic.
----------------------------------------------------------



------------------------------------------------------
Alias Detection
------------------------------------------------------

------------------------------------------------------
Aliased 0 equations, 8 wires.
------------------------------------------------------

----------------------------------------------------------
Circuit simplification
----------------------------------------------------------

----------------------------------------------------------
Circuit simplification results:

	Expanded 2 signals.
	Turned 0 signals into soft nodes.
	Maximum default expansion cost was set at 10.
----------------------------------------------------------

------------------------------------------------------
Alias Detection
------------------------------------------------------

------------------------------------------------------
Aliased 0 equations, 0 wires.
------------------------------------------------------
Created 31 PLD nodes.

topld:  No errors.

----------------------------------------------------------------------------
PLD Optimizer Software:       DSGNOPT.EXE    31/03/2000  [v4.02 ] 6.3 IR 35

DESIGN HEADER INFORMATION  (12:11:25)

Input File(s): p1.pla
Device       : C22V10
Package      : palce22v10-15pc
ReportFile   : p1.rpt

Program Controls:
    COMMAND LANGUAGE_VHDL 
    COMMAND PROPERTY BUS_HOLD ENABLE 

Signal Requests:
    GROUP USEPOL ALL
    GROUP FAST_SLEW ALL

Completed Successfully  
----------------------------------------------------------------------------
PLD Optimizer Software:       DSGNOPT.EXE    31/03/2000  [v4.02 ] 6.3 IR 35

OPTIMIZATION OPTIONS       (12:11:25)

Messages:
  Information: Process virtual 'qjkD'qjkD ... expanded.
  Information: Process virtual 'qsrD'qsrD ... expanded.
  Information: Process virtual 'qtD'qtD ... expanded.
  Information: Optimizing logic using best output polarity for signals:
         display(3) qjk.D qsr.D qt.D

  Information: Selected logic optimization OFF for signals:
         display(0) display(1) display(2) q qd.D qd.AR qd.C qjk.AR qjk.C
         qsr.AR qsr.C qt.AR qt.C



Summary:
                 Error Count = 0      Warning Count = 0

Completed Successfully  
----------------------------------------------------------------------------
PLD Optimizer Software:       MINOPT.EXE     01/NOV/1999  [v4.02 ] 6.3 IR 35

LOGIC MINIMIZATION         ()

Messages:


Summary:
                 Error Count = 0      Warning Count = 0

Completed Successfully
----------------------------------------------------------------------------
PLD Optimizer Software:       DSGNOPT.EXE    31/03/2000  [v4.02 ] 6.3 IR 35

OPTIMIZATION OPTIONS       (12:11:26)

Messages:
  Information: Optimizing Banked Preset/Reset requirements.


Summary:
                 Error Count = 0      Warning Count = 0

Completed Successfully  
----------------------------------------------------------------------------
PLD Compiler Software:        PLA2JED.EXE    31/03/2000  [v4.02 ] 6.3 IR 35

<CYPRESSTAG name="Equations" icon=FILE_RPT_EQUATION>
DESIGN EQUATIONS           (12:11:26)
</CYPRESSTAG>

    display(0) =
          GND

    display(1) =
          GND

    display(2) =
          display(3) 

    display(3) =
          qsr.Q * sel(0) * sel(1) 
        + qd.Q * /sel(0) * sel(1) 
        + qt.Q * sel(0) * /sel(1) 
        + qjk.Q * /sel(0) * /sel(1) 

    q =
          display(3) 

    qd.D =
          d 

    qd.AR =
          clr 

    qd.SP =
          GND

    qd.C =
          clk 

    qjk.D =
          /k * qjk.Q 
        + j * /qjk.Q 

    qjk.AR =
          clr 

    qjk.SP =
          GND

    qjk.C =
          clk 

    qsr.D =
          qsr.Q * /r 
        + s 

    qsr.AR =
          clr 

    qsr.SP =
          GND

    qsr.C =
          clk 

    qt.D =
          /qt.Q * t 
        + qt.Q * /t 

    qt.AR =
          clr 

    qt.SP =
          GND

    qt.C =
          clk 


Completed Successfully  
----------------------------------------------------------------------------
PLD Compiler Software:        PLA2JED.EXE    31/03/2000  [v4.02 ] 6.3 IR 35

DESIGN RULE CHECK          (12:11:26)

Messages:
                 None.


Summary:
                 Error Count = 0      Warning Count = 0

Completed Successfully  
----------------------------------------------------------------------------
PLD Compiler Software:        PLA2JED.EXE    31/03/2000  [v4.02 ] 6.3 IR 35

<CYPRESSTAG name="Pinout" icon=FILE_RPT_PINOUT>
PINOUT INFORMATION   (12:11:26)
</CYPRESSTAG>
Messages:
  Information: Checking for duplicate NODE logic.
                 None.


                                 C22V10
                 __________________________________________
            clk =| 1|                                  |24|* not used       
              t =| 2|                                  |23|= qt             
              s =| 3|                                  |22|= qjk            
              r =| 4|                                  |21|= q              
         sel(1) =| 5|                                  |20|= display(1)     
         sel(0) =| 6|                                  |19|* not used       
              k =| 7|                                  |18|= display(0)     
              j =| 8|                                  |17|= display(2)     
              d =| 9|                                  |16|= qd             
            clr =|10|                                  |15|= qsr            
       not used *|11|                                  |14|= display(3)     
       not used *|12|                                  |13|* not used       
                 __________________________________________


Summary:
                 Error Count = 0      Warning Count = 0

Completed Successfully  
----------------------------------------------------------------------------
PLD Compiler Software:        PLA2JED.EXE    31/03/2000  [v4.02 ] 6.3 IR 35

<CYPRESSTAG name="Utilization" icon=FILE_RPT_UTILIZATION>
RESOURCE UTILIZATION (12:11:26)
</CYPRESSTAG>
  Information: Macrocell Utilization.

                     Description        Used     Max
                 ______________________________________
                 | Dedicated Inputs   |    9  |   11  |
                 | Clock/Inputs       |    1  |    1  |
                 | I/O Macrocells     |    9  |   10  |
                 ______________________________________
                                          19  /   22   = 86  %


  Information: Output Logic Product Term Utilization.

                  Node#  Output Signal Name  Used   Max
                 ________________________________________
                 | 14  |  display(3)      |   4  |   8  |
                 | 15  |  qsr             |   2  |  10  |
                 | 16  |  qd              |   1  |  12  |
                 | 17  |  display(2)      |   1  |  14  |
                 | 18  |  display(0)      |   1  |  16  |
                 | 19  |  Unused          |   0  |  16  |
                 | 20  |  display(1)      |   1  |  14  |
                 | 21  |  q               |   1  |  12  |
                 | 22  |  qjk             |   2  |  10  |
                 | 23  |  qt              |   2  |   8  |
                 | 25  |  Unused          |   0  |   1  |
                 ________________________________________
                                             15  / 121   = 12  %


Completed Successfully  
----------------------------------------------------------------------------
PLD Compiler Software:        PLA2JED.EXE    31/03/2000  [v4.02 ] 6.3 IR 35

JEDEC ASSEMBLE             (12:11:26)

Messages:
  Information: Output file 'p1.pin' created.
  Information: Output file 'p1.jed' created.

  Usercode:    
  Checksum:    79D3



Summary:
                 Error Count = 0      Warning Count = 0

Completed Successfully at 12:11:26
