Design: 10:55 a.m., Domingo, 25 de Septiembre de 2016
Design: Opening design "C:\Documents and Settings\USUARIO\Mis documentos\VHDL Practicas\Practicas Nayeli\Practica4\CodigoPractica4\CodigoPractica4.adf"
ELBREAD: Elaboration process.
ELBREAD: Elaboration time 0.0 [s].
Compilation with file reorder...
File: C:\Documents and Settings\USUARIO\Mis documentos\VHDL Practicas\Practicas Nayeli\Practica4\CodigoPractica4.vhd
Compile Entity "Practica4"
Compile Architecture "a_Practica4" of Entity "Practica4"
Top-Level unit detected
Entity  =>   Practica4
Compile success 0 Errors 0 Warnings  Analysis time :  0.0 [s]
ELBREAD: Elaboration process.
ELBREAD: Elaboration time 0.0 [s].
ELBREAD: Elaboration process.
ELBREAD: Elaboration time 0.0 [s].
KERNEL: Main thread initiated.
KERNEL: Kernel process initialization phase.
ELAB2: Elaboration final pass...
ELAB2: Elaboration final pass complete - time: 0.0 [s].
KERNEL: Kernel process initialization done.
10:56 a.m., Domingo, 25 de Septiembre de 2016
Simulation has been initialized
Selected Top-Level: Practica4 (a_Practica4)
KERNEL: stopped at time: 100 ns
Simulation has been stopped
ELBREAD: Elaboration process.
ELBREAD: Elaboration time 0.0 [s].
KERNEL: Main thread initiated.
KERNEL: Kernel process initialization phase.
ELAB2: Elaboration final pass...
ELAB2: Elaboration final pass complete - time: 0.0 [s].
KERNEL: Kernel process initialization done.
10:58 a.m., Domingo, 25 de Septiembre de 2016
Simulation has been initialized
Selected Top-Level: Practica4 (a_Practica4)
KERNEL: stopped at time: 100 ns
KERNEL: stopped at time: 200 ns
Simulation has been stopped
ELBREAD: Elaboration process.
ELBREAD: Elaboration time 0.0 [s].
KERNEL: Main thread initiated.
KERNEL: Kernel process initialization phase.
ELAB2: Elaboration final pass...
ELAB2: Elaboration final pass complete - time: 0.0 [s].
KERNEL: Kernel process initialization done.
10:59 a.m., Domingo, 25 de Septiembre de 2016
Simulation has been initialized
Selected Top-Level: Practica4 (a_Practica4)
KERNEL: stopped at time: 100 ns
KERNEL: stopped at time: 200 ns
KERNEL: stopped at time: 300 ns
KERNEL: stopped at time: 400 ns
Simulation has been stopped
