
     | | | | | | |
   _________________
  -|               |-
  -|               |-
  -|               |-
  -|    CYPRESS    |-
  -|               |-
  -|               |-   Warp VHDL Synthesis Compiler: Version 6.3 IR 35
  -|               |-   Copyright (C) 1991-2001 Cypress Semiconductor
   |_______________|
     | | | | | | |

======================================================================
Compiling:  prac5_2.vhd
Options:    -m -yu -e10 -w100 -o2 -ygs -fP -v10 -dc22v10 -ppalce22v10-15pc -b prac5_2.vhd -u practica5.hie
======================================================================

vhdlfe V6.3 IR 35:  VHDL parser
Thu Apr 20 13:48:33 2017

Library 'work' => directory 'lc22v10'
Linking 'C:\Archivos de programa\Cypress\Warp\bin\std.vhd'.
Linking 'C:\Archivos de programa\Cypress\Warp\lib\common\cypress.vhd'.
Linking 'C:\Archivos de programa\Cypress\Warp\lib\common\work\cypress.vif'.
Library 'ieee' => directory 'C:\Archivos de programa\Cypress\Warp\lib\ieee\work'
Linking 'C:\Archivos de programa\Cypress\Warp\lib\ieee\work\stdlogic.vif'.
Linking 'C:\Archivos de programa\Cypress\Warp\lib\ieee\work\syntocyp.vif'.
Linking 'C:\Archivos de programa\Cypress\Warp\lib\ieee\work\synarith.vif'.
Linking 'C:\Archivos de programa\Cypress\Warp\lib\ieee\work\synusgnd.vif'.
prac5_2.vhd (line 28, col 12):  Note: Substituting module 'add_vi_v_us' for '+'.
prac5_2.vhd (line 30, col 12):  Note: Substituting module 'sub_vi_v_us' for '-'.

vhdlfe:  No errors.


tovif V6.3 IR 35:  High-level synthesis
Thu Apr 20 13:48:33 2017

Linking 'C:\Archivos de programa\Cypress\Warp\bin\std.vhd'.
Linking 'C:\Archivos de programa\Cypress\Warp\lib\common\cypress.vhd'.
Linking 'C:\Archivos de programa\Cypress\Warp\lib\common\work\cypress.vif'.
Linking 'C:\Archivos de programa\Cypress\Warp\lib\ieee\work\stdlogic.vif'.
Linking 'C:\Archivos de programa\Cypress\Warp\lib\ieee\work\syntocyp.vif'.
Linking 'C:\Archivos de programa\Cypress\Warp\lib\ieee\work\synarith.vif'.
Linking 'C:\Archivos de programa\Cypress\Warp\lib\ieee\work\synusgnd.vif'.
Linking 'C:\Archivos de programa\Cypress\Warp\lib\common\stdlogic\lpmpkg.vif'.
Linking 'C:\Archivos de programa\Cypress\Warp\lib\common\stdlogic\rtlpkg.vif'.
Linking 'C:\Archivos de programa\Cypress\Warp\lib\common\stdlogic\mod_cnst.vif'.
Linking 'C:\Archivos de programa\Cypress\Warp\lib\common\stdlogic\syntocyp.vif'.

tovif:  No errors.


topld V6.3 IR 35:  Synthesis and optimization
Thu Apr 20 13:48:33 2017

Linking 'C:\Archivos de programa\Cypress\Warp\bin\std.vhd'.
Linking 'C:\Archivos de programa\Cypress\Warp\lib\common\cypress.vhd'.
Linking 'C:\Archivos de programa\Cypress\Warp\lib\common\work\cypress.vif'.
Linking 'C:\Archivos de programa\Cypress\Warp\lib\ieee\work\stdlogic.vif'.
Linking 'C:\Archivos de programa\Cypress\Warp\lib\ieee\work\syntocyp.vif'.
Linking 'C:\Archivos de programa\Cypress\Warp\lib\ieee\work\synarith.vif'.
Linking 'C:\Archivos de programa\Cypress\Warp\lib\ieee\work\synusgnd.vif'.
Linking 'C:\Archivos de programa\Cypress\Warp\lib\common\stdlogic\lpmpkg.vif'.
Linking 'C:\Archivos de programa\Cypress\Warp\lib\common\stdlogic\rtlpkg.vif'.
Linking 'C:\Archivos de programa\Cypress\Warp\lib\common\stdlogic\mod_cnst.vif'.
Linking 'C:\Archivos de programa\Cypress\Warp\lib\common\stdlogic\syntocyp.vif'.
Linking 'C:\Archivos de programa\Cypress\Warp\lib\lc22v10\stdlogic\c22v10.vif'.

----------------------------------------------------------
Detecting unused logic.
----------------------------------------------------------



------------------------------------------------------
Alias Detection
------------------------------------------------------

------------------------------------------------------
Aliased 0 equations, 40 wires.
------------------------------------------------------

----------------------------------------------------------
Circuit simplification
----------------------------------------------------------

----------------------------------------------------------
Circuit simplification results:

	Expanded 19 signals.
	Turned 0 signals into soft nodes.
	Maximum default expansion cost was set at 10.
----------------------------------------------------------

------------------------------------------------------
Alias Detection
------------------------------------------------------

------------------------------------------------------
Aliased 0 equations, 0 wires.
------------------------------------------------------
Created 80 PLD nodes.

topld:  No errors.

----------------------------------------------------------------------------
PLD Optimizer Software:       DSGNOPT.EXE    31/03/2000  [v4.02 ] 6.3 IR 35

DESIGN HEADER INFORMATION  (13:48:35)

Input File(s): prac5_2.pla
Device       : C22V10
Package      : palce22v10-15pc
ReportFile   : prac5_2.rpt

Program Controls:
    COMMAND LANGUAGE_VHDL 
    COMMAND PROPERTY BUS_HOLD ENABLE 

Signal Requests:
    GROUP USEPOL ALL
    GROUP FAST_SLEW ALL

Completed Successfully  
----------------------------------------------------------------------------
PLD Optimizer Software:       DSGNOPT.EXE    31/03/2000  [v4.02 ] 6.3 IR 35

OPTIMIZATION OPTIONS       (13:48:35)

Messages:
  Information: Process virtual '\q(0)D\'\q(0)D\ ... expanded.
  Information: Process virtual '\q(1)D\'\q(1)D\ ... expanded.
  Information: Process virtual '\q(2)D\'\q(2)D\ ... expanded.
  Information: Process virtual '\q(3)D\'\q(3)D\ ... expanded.
  Information: Process virtual '\q(4)D\'\q(4)D\ ... expanded.
  Information: Optimizing logic using best output polarity for signals:
         q(0).D q(1).D q(2).D q(3).D q(4).D

  Information: Selected logic optimization OFF for signals:
         q(0).AR q(0).C q(1).AR q(1).C q(2).AR q(2).C q(3).AR q(3).C q(4).AR
         q(4).C



Summary:
                 Error Count = 0      Warning Count = 0

Completed Successfully  
----------------------------------------------------------------------------
PLD Optimizer Software:       MINOPT.EXE     01/NOV/1999  [v4.02 ] 6.3 IR 35

LOGIC MINIMIZATION         ()

Messages:


Summary:
                 Error Count = 0      Warning Count = 0

Completed Successfully
----------------------------------------------------------------------------
PLD Optimizer Software:       DSGNOPT.EXE    31/03/2000  [v4.02 ] 6.3 IR 35

OPTIMIZATION OPTIONS       (13:48:35)

Messages:
  Information: Optimizing Banked Preset/Reset requirements.


Summary:
                 Error Count = 0      Warning Count = 0

Completed Successfully  
----------------------------------------------------------------------------
PLD Compiler Software:        PLA2JED.EXE    31/03/2000  [v4.02 ] 6.3 IR 35

<CYPRESSTAG name="Equations" icon=FILE_RPT_EQUATION>
DESIGN EQUATIONS           (13:48:35)
</CYPRESSTAG>

    q(0).D =
          d(0) * e * l 
        + e * /l * /q(0).Q 
        + /e * q(0).Q 

    q(0).AR =
          clr 

    q(0).SP =
          GND

    q(0).C =
          clk 

    q(1).D =
          e * /l * q(0).Q * /q(1).Q * ud 
        + e * /l * /q(0).Q * /q(1).Q * /ud 
        + /l * /q(0).Q * q(1).Q * ud 
        + /l * q(0).Q * q(1).Q * /ud 
        + d(1) * e * l 
        + /e * q(1).Q 

    q(1).AR =
          clr 

    q(1).SP =
          GND

    q(1).C =
          clk 

    q(2).D =
          e * /l * q(0).Q * q(1).Q * /q(2).Q * ud 
        + e * /l * /q(0).Q * /q(1).Q * /q(2).Q * /ud 
        + /l * /q(0).Q * q(1).Q * q(2).Q 
        + /l * /q(1).Q * q(2).Q * ud 
        + /l * q(0).Q * q(2).Q * /ud 
        + d(2) * e * l 
        + /e * q(2).Q 

    q(2).AR =
          clr 

    q(2).SP =
          GND

    q(2).C =
          clk 

    q(3).D =
          e * /l * q(0).Q * q(1).Q * q(2).Q * /q(3).Q * ud 
        + e * /l * /q(0).Q * /q(1).Q * /q(2).Q * /q(3).Q * /ud 
        + /l * /q(0).Q * q(2).Q * q(3).Q 
        + /l * q(0).Q * /q(1).Q * q(3).Q 
        + /l * /q(2).Q * q(3).Q * ud 
        + /l * q(1).Q * q(3).Q * /ud 
        + d(3) * e * l 
        + /e * q(3).Q 

    q(3).AR =
          clr 

    q(3).SP =
          GND

    q(3).C =
          clk 

    q(4).D =
          e * /l * q(0).Q * q(1).Q * q(2).Q * q(3).Q * /q(4).Q * ud 
        + e * /l * /q(0).Q * /q(1).Q * /q(2).Q * /q(3).Q * /q(4).Q * /ud 
        + /l * /q(0).Q * q(3).Q * q(4).Q 
        + /l * /q(1).Q * q(2).Q * q(4).Q 
        + /l * q(0).Q * /q(2).Q * q(4).Q 
        + /l * /q(3).Q * q(4).Q * ud 
        + /l * q(1).Q * q(4).Q * /ud 
        + d(4) * e * l 
        + /e * q(4).Q 

    q(4).AR =
          clr 

    q(4).SP =
          GND

    q(4).C =
          clk 


Completed Successfully  
----------------------------------------------------------------------------
PLD Compiler Software:        PLA2JED.EXE    31/03/2000  [v4.02 ] 6.3 IR 35

DESIGN RULE CHECK          (13:48:35)

Messages:
                 None.


Summary:
                 Error Count = 0      Warning Count = 0

Completed Successfully  
----------------------------------------------------------------------------
PLD Compiler Software:        PLA2JED.EXE    31/03/2000  [v4.02 ] 6.3 IR 35

<CYPRESSTAG name="Pinout" icon=FILE_RPT_PINOUT>
PINOUT INFORMATION   (13:48:35)
</CYPRESSTAG>
Messages:
  Information: Checking for duplicate NODE logic.
                 None.


                                 C22V10
                 __________________________________________
            clk =| 1|                                  |24|* not used       
            clr =| 2|                                  |23|* not used       
              e =| 3|                                  |22|* not used       
              l =| 4|                                  |21|* not used       
             ud =| 5|                                  |20|* not used       
           d(4) =| 6|                                  |19|* not used       
           d(3) =| 7|                                  |18|= q(4)           
           d(2) =| 8|                                  |17|= q(3)           
           d(1) =| 9|                                  |16|= q(2)           
           d(0) =|10|                                  |15|= q(1)           
       not used *|11|                                  |14|= q(0)           
       not used *|12|                                  |13|* not used       
                 __________________________________________


Summary:
                 Error Count = 0      Warning Count = 0

Completed Successfully  
----------------------------------------------------------------------------
PLD Compiler Software:        PLA2JED.EXE    31/03/2000  [v4.02 ] 6.3 IR 35

<CYPRESSTAG name="Utilization" icon=FILE_RPT_UTILIZATION>
RESOURCE UTILIZATION (13:48:35)
</CYPRESSTAG>
  Information: Macrocell Utilization.

                     Description        Used     Max
                 ______________________________________
                 | Dedicated Inputs   |    9  |   11  |
                 | Clock/Inputs       |    1  |    1  |
                 | I/O Macrocells     |    5  |   10  |
                 ______________________________________
                                          15  /   22   = 68  %


  Information: Output Logic Product Term Utilization.

                  Node#  Output Signal Name  Used   Max
                 ________________________________________
                 | 14  |  q(0)            |   3  |   8  |
                 | 15  |  q(1)            |   6  |  10  |
                 | 16  |  q(2)            |   7  |  12  |
                 | 17  |  q(3)            |   8  |  14  |
                 | 18  |  q(4)            |   9  |  16  |
                 | 19  |  Unused          |   0  |  16  |
                 | 20  |  Unused          |   0  |  14  |
                 | 21  |  Unused          |   0  |  12  |
                 | 22  |  Unused          |   0  |  10  |
                 | 23  |  Unused          |   0  |   8  |
                 | 25  |  Unused          |   0  |   1  |
                 ________________________________________
                                             33  / 121   = 27  %


Completed Successfully  
----------------------------------------------------------------------------
PLD Compiler Software:        PLA2JED.EXE    31/03/2000  [v4.02 ] 6.3 IR 35

JEDEC ASSEMBLE             (13:48:35)

Messages:
  Information: Output file 'prac5_2.pin' created.
  Information: Output file 'prac5_2.jed' created.

  Usercode:    
  Checksum:    C48C



Summary:
                 Error Count = 0      Warning Count = 0

Completed Successfully at 13:48:35
