
vhdlfe V6.3 IR 35:  VHDL parser
Wed Apr 19 12:37:16 2017

Setting library 'work' to directory 'lc22v10'

vhdlfe:  No errors.


vhdlfe V6.3 IR 35:  VHDL parser
Wed Apr 19 12:37:30 2017

Setting library 'work' to directory 'lc22v10'

vhdlfe:  No errors.


vhdlfe V6.3 IR 35:  VHDL parser
Wed Apr 19 12:37:54 2017

Setting library 'work' to directory 'lc22v10'

vhdlfe:  No errors.


vhdlfe V6.3 IR 35:  VHDL parser
Wed Apr 19 15:25:22 2017

Setting library 'work' to directory 'lc22v10'

vhdlfe:  No errors.


vhdlfe V6.3 IR 35:  VHDL parser
Thu Apr 20 13:48:33 2017

Setting library 'work' to directory 'lc22v10'

vhdlfe:  No errors.

