
     | | | | | | |
   _________________
  -|               |-
  -|               |-
  -|               |-
  -|    CYPRESS    |-
  -|               |-
  -|               |-   Warp VHDL Synthesis Compiler: Version 6.3 IR 35
  -|               |-   Copyright (C) 1991-2001 Cypress Semiconductor
   |_______________|
     | | | | | | |

======================================================================
Compiling:  Teclado.vhd
Options:    -m -yu -e10 -w100 -o2 -ygs -fP -v10 -dc22v10 -ppalce22v10-15pc -b Teclado.vhd -u Teclado.hie
======================================================================

vhdlfe V6.3 IR 35:  VHDL parser
Wed May 24 11:23:48 2017

Library 'work' => directory 'lc22v10'
Linking 'C:\Archivos de programa\Cypress\Warp\bin\std.vhd'.
Linking 'C:\Archivos de programa\Cypress\Warp\lib\common\cypress.vhd'.
Linking 'C:\Archivos de programa\Cypress\Warp\lib\common\work\cypress.vif'.
Library 'ieee' => directory 'C:\Archivos de programa\Cypress\Warp\lib\ieee\work'
Linking 'C:\Archivos de programa\Cypress\Warp\lib\ieee\work\stdlogic.vif'.

vhdlfe:  No errors.


tovif V6.3 IR 35:  High-level synthesis
Wed May 24 11:23:48 2017

Linking 'C:\Archivos de programa\Cypress\Warp\bin\std.vhd'.
Linking 'C:\Archivos de programa\Cypress\Warp\lib\common\cypress.vhd'.
Linking 'C:\Archivos de programa\Cypress\Warp\lib\common\work\cypress.vif'.
Linking 'C:\Archivos de programa\Cypress\Warp\lib\ieee\work\stdlogic.vif'.

tovif:  No errors.


topld V6.3 IR 35:  Synthesis and optimization
Wed May 24 11:23:48 2017

Linking 'C:\Archivos de programa\Cypress\Warp\bin\std.vhd'.
Linking 'C:\Archivos de programa\Cypress\Warp\lib\common\cypress.vhd'.
Linking 'C:\Archivos de programa\Cypress\Warp\lib\common\work\cypress.vif'.
Linking 'C:\Archivos de programa\Cypress\Warp\lib\ieee\work\stdlogic.vif'.

----------------------------------------------------------
Detecting unused logic.
----------------------------------------------------------



------------------------------------------------------
Alias Detection
------------------------------------------------------

------------------------------------------------------
Aliased 0 equations, 22 wires.
------------------------------------------------------

----------------------------------------------------------
Circuit simplification
----------------------------------------------------------

----------------------------------------------------------
Circuit simplification results:

	Expanded 7 signals.
	Turned 0 signals into soft nodes.
	Maximum default expansion cost was set at 10.
----------------------------------------------------------

------------------------------------------------------
Alias Detection
------------------------------------------------------

------------------------------------------------------
Aliased 0 equations, 0 wires.
------------------------------------------------------
Created 54 PLD nodes.

topld:  No errors.

----------------------------------------------------------------------------
PLD Optimizer Software:       DSGNOPT.EXE    31/03/2000  [v4.02 ] 6.3 IR 35

DESIGN HEADER INFORMATION  (11:23:49)

Input File(s): Teclado.pla
Device       : C22V10
Package      : palce22v10-15pc
ReportFile   : Teclado.rpt

Program Controls:
    COMMAND LANGUAGE_VHDL 
    COMMAND PROPERTY BUS_HOLD ENABLE 

Signal Requests:
    GROUP USEPOL ALL
    GROUP FAST_SLEW ALL

Completed Successfully  
----------------------------------------------------------------------------
PLD Optimizer Software:       DSGNOPT.EXE    31/03/2000  [v4.02 ] 6.3 IR 35

OPTIMIZATION OPTIONS       (11:23:49)

Messages:
  Information: Process virtual '\display(0)D\'\display(0)D\ ... expanded.
  Information: Process virtual '\display(1)D\'\display(1)D\ ... expanded.
  Information: Process virtual '\display(2)D\'\display(2)D\ ... expanded.
  Information: Process virtual '\display(3)D\'\display(3)D\ ... expanded.
  Information: Process virtual '\display(4)D\'\display(4)D\ ... expanded.
  Information: Process virtual '\display(5)D\'\display(5)D\ ... expanded.
  Information: Process virtual '\display(6)D\'\display(6)D\ ... expanded.
  Information: Optimizing logic using best output polarity for signals:
         display(0).D display(1).D display(2).D display(3).D display(4).D
         display(5).D display(6).D

  Information: Selected logic optimization OFF for signals:
         columna(0).D columna(0).AR columna(0).C columna(1).D columna(1).AR
         columna(1).C columna(2).D columna(2).AP columna(2).C display(0).AR
         display(0).C display(1).AR display(1).C display(2).AR display(2).C
         display(3).AR display(3).C display(4).AR display(4).C display(5).AR
         display(5).C display(6).AR display(6).C



Summary:
                 Error Count = 0      Warning Count = 0

Completed Successfully  
----------------------------------------------------------------------------
PLD Optimizer Software:       MINOPT.EXE     01/NOV/1999  [v4.02 ] 6.3 IR 35

LOGIC MINIMIZATION         ()

Messages:


Summary:
                 Error Count = 0      Warning Count = 0

Completed Successfully
----------------------------------------------------------------------------
PLD Optimizer Software:       DSGNOPT.EXE    31/03/2000  [v4.02 ] 6.3 IR 35

OPTIMIZATION OPTIONS       (11:23:49)

Messages:
  Information: Optimizing Banked Preset/Reset requirements.
  Information: Selecting D register equation as minimal for signal columna(1)
  Information: Selecting D register equation as minimal for signal columna(0)
  Information: Selecting D register equation as minimal for signal display(6)
  Information: Selecting D register equation as minimal for signal display(5)
  Information: Selecting D register equation as minimal for signal display(4)
  Information: Selecting D register equation as minimal for signal display(3)
  Information: Selecting D register equation as minimal for signal display(2)
  Information: Selecting D register equation as minimal for signal display(1)
  Information: Selecting D register equation as minimal for signal display(0)
  Information: Inverting Preset/Reset & output logic polarity for columna(2).
  Information: Selecting D register equation as minimal for signal columna(2)
  Information: Optimizing logic without changing polarity for signals:
         display(0).D display(1).D display(2).D display(3).D display(4).D
         display(5).D display(6).D

  Information: Selected logic optimization OFF for signals:
         columna(0).D columna(0).AR columna(0).SP columna(0).C columna(1).D
         columna(1).AR columna(1).SP columna(1).C columna(2).D columna(2).AR
         columna(2).SP columna(2).C display(0).AR display(0).SP display(0).C
         display(1).AR display(1).SP display(1).C display(2).AR display(2).SP
         display(2).C display(3).AR display(3).SP display(3).C display(4).AR
         display(4).SP display(4).C display(5).AR display(5).SP display(5).C
         display(6).AR display(6).SP display(6).C



Summary:
                 Error Count = 0      Warning Count = 0

Completed Successfully  
----------------------------------------------------------------------------
PLD Optimizer Software:       MINOPT.EXE     01/NOV/1999  [v4.02 ] 6.3 IR 35

LOGIC MINIMIZATION         ()

Messages:


Summary:
                 Error Count = 0      Warning Count = 0

Completed Successfully
----------------------------------------------------------------------------
PLD Optimizer Software:       DSGNOPT.EXE    31/03/2000  [v4.02 ] 6.3 IR 35

OPTIMIZATION OPTIONS       (11:23:49)

Messages:


Summary:
                 Error Count = 0      Warning Count = 0

Completed Successfully  
----------------------------------------------------------------------------
PLD Compiler Software:        PLA2JED.EXE    31/03/2000  [v4.02 ] 6.3 IR 35

<CYPRESSTAG name="Equations" icon=FILE_RPT_EQUATION>
DESIGN EQUATIONS           (11:23:49)
</CYPRESSTAG>

    columna(0).D =
          columna(1).Q 

    columna(0).AR =
          clr 

    columna(0).SP =
          GND

    columna(0).C =
          clk 

    columna(1).D =
          columna(2).Q 

    columna(1).AR =
          clr 

    columna(1).SP =
          GND

    columna(1).C =
          clk 

    /columna(2).D =
          /columna(0).Q 

    columna(2).AR =
          clr 

    columna(2).SP =
          GND

    columna(2).C =
          clk 

    display(0).D =
          /columna(0).Q * /columna(1).Q * fila(3) * l 
        + /columna(2).Q * fila(0) * l 
        + display(0).Q * /l 

    display(0).AR =
          clr 

    display(0).SP =
          GND

    display(0).C =
          clk 

    display(1).D =
          /columna(0).Q * /columna(1).Q * /fila(2) * l 
        + fila(3) * l 
        + display(1).Q * /l 

    display(1).AR =
          clr 

    display(1).SP =
          GND

    display(1).C =
          clk 

    display(2).D =
          /columna(1).Q * /fila(0) * /fila(2) * l 
        + /columna(0).Q * fila(2) * l 
        + /columna(0).Q * /columna(1).Q * l 
        + display(2).Q * /l 

    display(2).AR =
          clr 

    display(2).SP =
          GND

    display(2).C =
          clk 

    display(3).D =
          columna(2).Q * /fila(0) * l 
        + display(3).Q * /l 

    display(3).AR =
          clr 

    display(3).SP =
          GND

    display(3).C =
          clk 

    display(4).D =
          columna(2).Q * fila(0) * l 
        + columna(1).Q * fila(3) * l 
        + display(4).Q * /l 

    display(4).AR =
          clr 

    display(4).SP =
          GND

    display(4).C =
          clk 

    display(5).D =
          /columna(0).Q * /columna(1).Q * fila(0) * l 
        + /columna(2).Q * fila(2) * l 
        + display(5).Q * /l 

    display(5).AR =
          clr 

    display(5).SP =
          GND

    display(5).C =
          clk 

    display(6).D =
          columna(2).Q * /fila(0) * /fila(1) * l 
        + columna(0).Q * fila(0) * l 
        + display(6).Q * /l 

    display(6).AR =
          clr 

    display(6).SP =
          GND

    display(6).C =
          clk 


Completed Successfully  
----------------------------------------------------------------------------
PLD Compiler Software:        PLA2JED.EXE    31/03/2000  [v4.02 ] 6.3 IR 35

DESIGN RULE CHECK          (11:23:49)

Messages:
                 None.


Summary:
                 Error Count = 0      Warning Count = 0

Completed Successfully  
----------------------------------------------------------------------------
PLD Compiler Software:        PLA2JED.EXE    31/03/2000  [v4.02 ] 6.3 IR 35

<CYPRESSTAG name="Pinout" icon=FILE_RPT_PINOUT>
PINOUT INFORMATION   (11:23:49)
</CYPRESSTAG>
Messages:
  Information: Checking for duplicate NODE logic.
                 None.


                                 C22V10
                 __________________________________________
            clk =| 1|                                  |24|* not used       
            clr =| 2|                                  |23|= columna(2)     
        fila(3) =| 3|                                  |22|= columna(1)     
        fila(2) =| 4|                                  |21|= columna(0)     
        fila(1) =| 5|                                  |20|= display(6)     
        fila(0) =| 6|                                  |19|= display(5)     
              l =| 7|                                  |18|= display(4)     
       not used *| 8|                                  |17|= display(3)     
       not used *| 9|                                  |16|= display(2)     
       not used *|10|                                  |15|= display(1)     
       not used *|11|                                  |14|= display(0)     
       not used *|12|                                  |13|* not used       
                 __________________________________________


Summary:
                 Error Count = 0      Warning Count = 0

Completed Successfully  
----------------------------------------------------------------------------
PLD Compiler Software:        PLA2JED.EXE    31/03/2000  [v4.02 ] 6.3 IR 35

<CYPRESSTAG name="Utilization" icon=FILE_RPT_UTILIZATION>
RESOURCE UTILIZATION (11:23:49)
</CYPRESSTAG>
  Information: Macrocell Utilization.

                     Description        Used     Max
                 ______________________________________
                 | Dedicated Inputs   |    6  |   11  |
                 | Clock/Inputs       |    1  |    1  |
                 | I/O Macrocells     |   10  |   10  |
                 ______________________________________
                                          17  /   22   = 77  %


  Information: Output Logic Product Term Utilization.

                  Node#  Output Signal Name  Used   Max
                 ________________________________________
                 | 14  |  display(0)      |   3  |   8  |
                 | 15  |  display(1)      |   3  |  10  |
                 | 16  |  display(2)      |   4  |  12  |
                 | 17  |  display(3)      |   2  |  14  |
                 | 18  |  display(4)      |   3  |  16  |
                 | 19  |  display(5)      |   3  |  16  |
                 | 20  |  display(6)      |   3  |  14  |
                 | 21  |  columna(0)      |   1  |  12  |
                 | 22  |  columna(1)      |   1  |  10  |
                 | 23  |  columna(2)      |   1  |   8  |
                 | 25  |  Unused          |   0  |   1  |
                 ________________________________________
                                             24  / 121   = 19  %


Completed Successfully  
----------------------------------------------------------------------------
PLD Compiler Software:        PLA2JED.EXE    31/03/2000  [v4.02 ] 6.3 IR 35

JEDEC ASSEMBLE             (11:23:49)

Messages:
  Information: Output file 'Teclado.pin' created.
  Information: Output file 'Teclado.jed' created.

  Usercode:    
  Checksum:    B98F



Summary:
                 Error Count = 0      Warning Count = 0

Completed Successfully at 11:23:49
