Design: 10:11 a.m., Martes, 20 de Septiembre de 2016
Design: Opening design "C:\Documents and Settings\USUARIO\Mis documentos\VHDL Practicas\Practicas Nayeli\Practica3\Practica3\Practica3\Practica3.adf"
Compilation with file reorder...
File: C:\Documents and Settings\USUARIO\Mis documentos\VHDL Practicas\Practicas Nayeli\Practica3\Practica3\Practica3.vhd
Compile Entity "practica3"
Compile Architecture "Ap3" of Entity "practica3"
Top-Level unit detected
Entity  =>   practica3
Compile success 0 Errors 0 Warnings  Analysis time :  0.1 [s]
ELBREAD: Elaboration process.
ELBREAD: Elaboration time 0.0 [s].
ELBREAD: Elaboration process.
ELBREAD: Elaboration time 0.0 [s].
KERNEL: Main thread initiated.
KERNEL: Kernel process initialization phase.
ELAB2: Elaboration final pass...
ELAB2: Elaboration final pass complete - time: 0.0 [s].
KERNEL: Kernel process initialization done.
10:12 a.m., Martes, 20 de Septiembre de 2016
Simulation has been initialized
Selected Top-Level: practica3 (Ap3)
KERNEL: stopped at time: 100 ns
KERNEL: stopped at time: 200 ns
KERNEL: stopped at time: 300 ns
KERNEL: stopped at time: 400 ns
ELBREAD: Elaboration process.
ELBREAD: Elaboration time 0.0 [s].
KERNEL: Main thread initiated.
KERNEL: Kernel process initialization phase.
ELAB2: Elaboration final pass...
ELAB2: Elaboration final pass complete - time: 0.0 [s].
KERNEL: Kernel process initialization done.
10:13 a.m., Martes, 20 de Septiembre de 2016
Simulation has been initialized
Selected Top-Level: practica3 (Ap3)
Simulation has been stopped
ELBREAD: Elaboration process.
ELBREAD: Elaboration time 0.0 [s].
KERNEL: Main thread initiated.
KERNEL: Kernel process initialization phase.
ELAB2: Elaboration final pass...
ELAB2: Elaboration final pass complete - time: 0.0 [s].
KERNEL: Kernel process initialization done.
10:13 a.m., Martes, 20 de Septiembre de 2016
Simulation has been initialized
Selected Top-Level: practica3 (Ap3)
KERNEL: stopped at time: 100 ns
Simulation has been stopped
